AlgoDialog
Bremen
Frame
GarageCanvas
GarageFrame
GLCanvas
grape_menubar
InfoDialog
MainFrame
MarkDialog
PartitionFrame
PopupFrame
SavePicDialog
SaveVecDialog
SettingsDialog
SettingsFrame
SimDialog
splash
Visualizer
wxBoxSizer
wxButton
wxCheckBox
wxCheckListBox
wxChoice
wxColorButton
wxComboBox
wxFrame
wxGauge
wxGLCanvas
wxGrid
wxListBox
wxListCtrl
wxListView
wxMenu
wxMenuBar
wxMessageDialog
wxNotebook
wxPanel
wxProgressDialog
wxRadioBox
wxRadioButton
wxScrolledWindow
wxSlider
wxSpinCtrl
wxSpinCtrlFloat
wxSplitterWindow
wxStaticText
wxStatusBar
wxTextCtrl
wxToggleButton
wxToolBar
wxXmlNode
